2018-08-06 09:00:39,042|[1]|INFO  SystemLogger - Executing data migration...
2018-08-06 09:00:44,483|[1]|INFO  SystemLogger - Data migration executed.
2018-08-06 09:11:36,569|[1]|INFO  SystemLogger - Executing data migration...
2018-08-06 09:11:40,668|[1]|INFO  SystemLogger - Data migration executed.
2018-08-06 09:23:27,818|[1]|INFO  SystemLogger - Executing data migration...
2018-08-06 09:23:31,875|[1]|INFO  SystemLogger - Data migration executed.
2018-08-06 09:44:08,242|[33]|ERROR SystemLogger - Entity of type "Requests" in state "Added" has the following validation errors:
2018-08-06 09:44:08,243|[33]|ERROR SystemLogger - - Property: "RequestNo", Error: "The RequestNo field is required."
2018-08-06 09:44:08,245|[33]|ERROR SystemLogger - Entity of type "LabResult" in state "Added" has the following validation errors:
2018-08-06 09:44:08,245|[33]|ERROR SystemLogger - - Property: "EnglishName", Error: "The EnglishName field is required."
2018-08-06 09:44:08,247|[33]|ERROR SystemLogger - Entity of type "LabResult" in state "Added" has the following validation errors:
2018-08-06 09:44:08,247|[33]|ERROR SystemLogger - - Property: "EnglishName", Error: "The EnglishName field is required."
2018-08-06 09:44:08,248|[33]|ERROR SystemLogger - - Property: "RefRange", Error: "The RefRange field is required."
2018-08-06 09:44:08,330|[33]|ERROR SystemLogger - Validation failed for one or more entities. See 'EntityValidationErrors' property for more details.
System.Data.Entity.Validation.DbEntityValidationException: Validation failed for one or more entities. See 'EntityValidationErrors' property for more details.
   at System.Data.Entity.Internal.InternalContext.SaveChanges()
   at Lis.EntityFramework.Implements.LisContext.SaveChanges() in D:\LIS\src\Lis.EntityFramework\Implements\LisContext.cs:line 125
   at Lis.Service.ServiceImpl.LisService.SyncUploadReport(ReportDto source) in D:\LIS\src\Lis.Service\ServiceImpl\LisService.cs:line 628
2018-08-06 09:45:13,655|[26]|ERROR SystemLogger - Entity of type "Requests" in state "Added" has the following validation errors:
2018-08-06 09:45:13,655|[26]|ERROR SystemLogger - - Property: "RequestNo", Error: "The RequestNo field is required."
2018-08-06 09:45:13,856|[26]|ERROR SystemLogger - Entity of type "LabResult" in state "Added" has the following validation errors:
2018-08-06 09:45:13,857|[26]|ERROR SystemLogger - - Property: "EnglishName", Error: "The EnglishName field is required."
2018-08-06 09:45:14,722|[26]|ERROR SystemLogger - Entity of type "LabResult" in state "Added" has the following validation errors:
2018-08-06 09:45:14,722|[26]|ERROR SystemLogger - - Property: "EnglishName", Error: "The EnglishName field is required."
2018-08-06 09:45:14,723|[26]|ERROR SystemLogger - - Property: "RefRange", Error: "The RefRange field is required."
2018-08-06 09:45:14,817|[26]|ERROR SystemLogger - Validation failed for one or more entities. See 'EntityValidationErrors' property for more details.
System.Data.Entity.Validation.DbEntityValidationException: Validation failed for one or more entities. See 'EntityValidationErrors' property for more details.
   at System.Data.Entity.Internal.InternalContext.SaveChanges()
   at Lis.EntityFramework.Implements.LisContext.SaveChanges() in D:\LIS\src\Lis.EntityFramework\Implements\LisContext.cs:line 125
   at Lis.Service.ServiceImpl.LisService.SyncUploadReport(ReportDto source) in D:\LIS\src\Lis.Service\ServiceImpl\LisService.cs:line 628
2018-08-06 09:46:22,846|[1]|INFO  SystemLogger - Executing data migration...
2018-08-06 09:46:26,823|[1]|INFO  SystemLogger - Data migration executed.
2018-08-06 09:46:59,054|[11]|ERROR SystemLogger - Entity of type "LabResult" in state "Added" has the following validation errors:
2018-08-06 09:47:06,355|[11]|ERROR SystemLogger - - Property: "EnglishName", Error: "The EnglishName field is required."
2018-08-06 09:47:31,636|[11]|ERROR SystemLogger - Entity of type "LabResult" in state "Added" has the following validation errors:
2018-08-06 09:47:39,412|[11]|ERROR SystemLogger - - Property: "EnglishName", Error: "The EnglishName field is required."
2018-08-06 09:47:40,114|[11]|ERROR SystemLogger - - Property: "RefRange", Error: "The RefRange field is required."
2018-08-06 09:47:40,220|[11]|ERROR SystemLogger - Validation failed for one or more entities. See 'EntityValidationErrors' property for more details.
System.Data.Entity.Validation.DbEntityValidationException: Validation failed for one or more entities. See 'EntityValidationErrors' property for more details.
   at System.Data.Entity.Internal.InternalContext.SaveChanges()
   at Lis.EntityFramework.Implements.LisContext.SaveChanges() in D:\LIS\src\Lis.EntityFramework\Implements\LisContext.cs:line 125
   at Lis.Service.ServiceImpl.LisService.SyncUploadReport(ReportDto source) in D:\LIS\src\Lis.Service\ServiceImpl\LisService.cs:line 629
